Vivado Simulator 2018.3
Copyright 1986-1999, 2001-2018 Xilinx, Inc. All Rights Reserved.
Running: C:/Xilinx1/Vivado/2018.3/bin/unwrapped/win64.o/xelab.exe -wto 31e9480f6b5e4d5f8f1750b3dfd3b0b9 --incr --debug typical --relax --mt 2 -L xil_defaultlib -L unisims_ver -L unimacro_ver -L secureip --snapshot factoral_top_tb_behav xil_defaultlib.factoral_top_tb xil_defaultlib.glbl -log elaborate.log 
Using 2 slave threads.
Starting static elaboration
Completed static elaboration
Starting simulation data flow analysis
Completed simulation data flow analysis
Time Resolution for simulation is 1ps
Compiling module xil_defaultlib.counter
Compiling module xil_defaultlib.comparator
Compiling module xil_defaultlib.multiplier
Compiling module xil_defaultlib.mux2(WIDTH=32)
Compiling module xil_defaultlib.register
Compiling module xil_defaultlib.factorial_dp
Compiling module xil_defaultlib.factorial_cu
Compiling module xil_defaultlib.factorial_top
Compiling module xil_defaultlib.factoral_top_tb
Compiling module xil_defaultlib.glbl
Built simulation snapshot factoral_top_tb_behav
